<?xml version="1.0" encoding="UTF-8"?>
<!-- Generated by org.testng.reporters.JUnitXMLReporter -->
<testsuite hostname="tikirikitweety" ignored="1" name="Default test(failed)" tests="2" failures="1" timestamp="2020-04-24T10:08:10 PDT" time="0.085" errors="0">
  <testcase name="test2" time="0.011" classname="Demo.TestNGretryFailedDemo"/>
  <testcase name="test3" time="0.005" classname="Demo.TestNGretryFailedDemo">
    <failure type="java.lang.AssertionError" message="expected [true] but found [false]">
      <![CDATA[java.lang.AssertionError: expected [true] but found [false]
at Demo.TestNGretryFailedDemo.test3(TestNGretryFailedDemo.java:21)
at java.util.ArrayList.forEach(Unknown Source)
... Removed 31 stack frames]]>
    </failure>
  </testcase> <!-- test3 -->
  <testcase name="test1" time="0.0" classname="Demo.TestNGretryFailedDemo">
    <ignored/>
  </testcase> <!-- test1 -->
</testsuite> <!-- Default test(failed) -->
