<?xml version="1.0" encoding="UTF-8"?>
<!-- Generated by org.testng.reporters.JUnitXMLReporter -->
<testsuite hostname="tikirikitweety" ignored="0" name="Start on IE" tests="3" failures="1" timestamp="2020-04-23T11:27:18 PDT" time="0.141" errors="0">
  <testcase name="@BeforeTest setup" time="0.117" classname="Demo.TestNGMultiBrowserDemo">
    <failure type="java.lang.IllegalStateException" message="The path to the driver executable must be set by the webdriver.ie.driver system property; for more information, see https://github.com/SeleniumHQ/selenium/wiki/InternetExplorerDriver. The latest version can be downloaded from http://selenium-release.storage.googleapis.com/index.html">
      <![CDATA[java.lang.IllegalStateException: The path to the driver executable must be set by the webdriver.ie.driver system property; for more information, see https://github.com/SeleniumHQ/selenium/wiki/InternetExplorerDriver. The latest version can be downloaded from http://selenium-release.storage.googleapis.com/index.html
at com.google.common.base.Preconditions.checkState(Preconditions.java:847)
at org.openqa.selenium.remote.service.DriverService.findExecutable(DriverService.java:134)
at org.openqa.selenium.ie.InternetExplorerDriverService.access$000(InternetExplorerDriverService.java:35)
at org.openqa.selenium.ie.InternetExplorerDriverService$Builder.findDefaultExecutable(InternetExplorerDriverService.java:175)
at org.openqa.selenium.remote.service.DriverService$Builder.build(DriverService.java:355)
at org.openqa.selenium.ie.InternetExplorerDriver.setupService(InternetExplorerDriver.java:281)
at org.openqa.selenium.ie.InternetExplorerDriver.<init>(InternetExplorerDriver.java:211)
at org.openqa.selenium.ie.InternetExplorerDriver.<init>(InternetExplorerDriver.java:150)
at Demo.TestNGMultiBrowserDemo.setup(TestNGMultiBrowserDemo.java:41)
at java.util.concurrent.FutureTask.run(Unknown Source)
at java.util.concurrent.ThreadPoolExecutor.runWorker(Unknown Source)
at java.util.concurrent.ThreadPoolExecutor$Worker.run(Unknown Source)
at java.lang.Thread.run(Unknown Source)
... Removed 15 stack frames]]>
    </failure>
  </testcase> <!-- @BeforeTest setup -->
  <testcase name="@AfterTest teardown" time="-1.587666438786E9" classname="Demo.TestNGMultiBrowserDemo">
    <skipped/>
  </testcase> <!-- @AfterTest teardown -->
  <testcase name="test1" time="0.007" classname="Demo.TestNGMultiBrowserDemo">
    <failure type="java.lang.NullPointerException">
      <![CDATA[java.lang.NullPointerException
at Demo.TestNGMultiBrowserDemo.test1(TestNGMultiBrowserDemo.java:54)
at java.util.ArrayList.forEach(Unknown Source)
at java.util.concurrent.FutureTask.run(Unknown Source)
at java.util.concurrent.ThreadPoolExecutor.runWorker(Unknown Source)
at java.util.concurrent.ThreadPoolExecutor$Worker.run(Unknown Source)
at java.lang.Thread.run(Unknown Source)
... Removed 18 stack frames]]>
    </failure>
  </testcase> <!-- test1 -->
  <testcase name="test1" time="0.0" classname="Demo.TestNGMultiBrowserDemo">
    <skipped/>
  </testcase> <!-- test1 -->
  <testcase name="test1" time="0.0" classname="Demo.TestNGMultiBrowserDemo">
    <skipped/>
  </testcase> <!-- test1 -->
</testsuite> <!-- Start on IE -->
