<?xml version="1.0" encoding="UTF-8"?>
<!-- Generated by org.testng.reporters.JUnitXMLReporter -->
<testsuite hostname="tikirikitweety" ignored="0" name="Start on chrome" tests="1" failures="1" timestamp="2020-04-23T13:03:03 PDT" time="0.075" errors="0">
  <testcase name="@AfterTest teardown" time="0.0" classname="Demo.TestNGMultiBrowserDemo">
    <failure type="java.lang.NullPointerException">
      <![CDATA[java.lang.NullPointerException
at Demo.TestNGMultiBrowserDemo.teardown(TestNGMultiBrowserDemo.java:52)
at java.util.concurrent.FutureTask.run(Unknown Source)
at java.util.concurrent.ThreadPoolExecutor.runWorker(Unknown Source)
at java.util.concurrent.ThreadPoolExecutor$Worker.run(Unknown Source)
at java.lang.Thread.run(Unknown Source)
... Removed 15 stack frames]]>
    </failure>
  </testcase> <!-- @AfterTest teardown -->
  <testcase name="test1" time="0.006" classname="Demo.TestNGMultiBrowserDemo">
    <failure type="java.lang.NullPointerException">
      <![CDATA[java.lang.NullPointerException
at Demo.TestNGMultiBrowserDemo.test1(TestNGMultiBrowserDemo.java:46)
at java.util.ArrayList.forEach(Unknown Source)
at java.util.concurrent.FutureTask.run(Unknown Source)
at java.util.concurrent.ThreadPoolExecutor.runWorker(Unknown Source)
at java.util.concurrent.ThreadPoolExecutor$Worker.run(Unknown Source)
at java.lang.Thread.run(Unknown Source)
... Removed 18 stack frames]]>
    </failure>
  </testcase> <!-- test1 -->
</testsuite> <!-- Start on chrome -->
