<?xml version="1.0" encoding="UTF-8"?>
<!-- Generated by org.testng.reporters.JUnitXMLReporter -->
<testsuite hostname="tikirikitweety" ignored="3" name="Test1" tests="1" failures="0" timestamp="2020-04-23T15:01:06 PDT" time="0.064" errors="0">
  <testcase name="test2" time="0.011" classname="Demo.TestNGGroupDemo"/>
  <testcase name="test4" time="0.0" classname="Demo.TestNGGroupDemo">
    <ignored/>
  </testcase> <!-- test4 -->
  <testcase name="test3" time="0.0" classname="Demo.TestNGGroupDemo">
    <ignored/>
  </testcase> <!-- test3 -->
  <testcase name="test1" time="0.0" classname="Demo.TestNGGroupDemo">
    <ignored/>
  </testcase> <!-- test1 -->
</testsuite> <!-- Test1 -->
